Mdi:ArrangeIcons
Mdi:ArrangeIcons
wm geometry . 900x785+56+75
Mdi:ArrangeIcons
wm geometry . 900x785+57+76
Mdi:ArrangeIcons
Mdi:ArrangeIcons
wm geometry . 900x785+59+78
Mdi:ArrangeIcons
wm geometry . 900x785+68+79
Mdi:ArrangeIcons
wm geometry . 900x785+79+79
Mdi:ArrangeIcons
wm geometry . 900x785+91+79
Mdi:ArrangeIcons
wm geometry . 900x785+104+79
Mdi:ArrangeIcons
wm geometry . 900x785+119+79
Mdi:ArrangeIcons
wm geometry . 900x785+132+79
Mdi:ArrangeIcons
wm geometry . 900x785+134+79
Mdi:ArrangeIcons
wm geometry . 900x785+142+79
Mdi:ArrangeIcons
wm geometry . 900x785+150+79
Mdi:ArrangeIcons
wm geometry . 900x785+163+79
Mdi:ArrangeIcons
wm geometry . 900x785+181+79
Mdi:ArrangeIcons
wm geometry . 900x785+196+79
ScopeSigMgr:loadpffile /home/inf01185/luiz.enger/Voluntario.WA/xor_lstp/xor_lstp.tr1 1 openonly
# PF:1
wm geometry .sigmgr 472x220+0+0
wm geometry .sigmgr 472x220+624+198
wm geometry .sigmgr 472x220+624+170
wm geometry .sigmgr._PF:1 288x349+1669+515
wm geometry .sigmgr._PF:1 288x349+1667+515
wm geometry .sigmgr._PF:1 288x349+1628+515
wm geometry .sigmgr._PF:1 288x349+1514+503
wm geometry .sigmgr._PF:1 288x349+1444+481
wm geometry .sigmgr._PF:1 288x349+1331+474
wm geometry .sigmgr._PF:1 288x349+1224+466
wm geometry .sigmgr._PF:1 288x349+1063+459
wm geometry .sigmgr._PF:1 288x349+1038+459
wm geometry .sigmgr._PF:1 288x349+945+453
wm geometry .sigmgr._PF:1 288x349+878+453
wm geometry .sigmgr._PF:1 288x349+819+453
wm geometry .sigmgr._PF:1 288x349+786+453
wm geometry .sigmgr._PF:1 288x349+779+453
wm geometry .sigmgr._PF:1 288x349+755+453
wm geometry .sigmgr._PF:1 288x349+738+453
wm geometry .sigmgr._PF:1 288x349+726+451
wm geometry .sigmgr._PF:1 288x349+712+446
wm geometry .sigmgr._PF:1 288x349+704+443
wm geometry .sigmgr._PF:1 288x349+700+440
wm geometry .sigmgr._PF:1 288x349+700+436
wm geometry .sigmgr._PF:1 288x349+700+431
Mdi:ArrangeIcons
wm geometry . 900x813+206+89
Mdi:ArrangeIcons
wm geometry . 900x813+65+24
Mdi:ArrangeIcons
wm geometry . 1615x995+65+24
Mdi:ArrangeIcons
Mdi:FullSize
wm geometry .sigmgr._PF:1 288x349+701+431
wm geometry .sigmgr._PF:1 288x349+702+431
wm geometry .sigmgr._PF:1 288x349+705+431
wm geometry .sigmgr._PF:1 288x349+726+427
wm geometry .sigmgr._PF:1 288x349+768+410
wm geometry .sigmgr._PF:1 288x349+803+393
wm geometry .sigmgr._PF:1 288x349+813+386
wm geometry .sigmgr._PF:1 288x349+842+364
wm geometry .sigmgr._PF:1 288x349+855+351
wm geometry .sigmgr._PF:1 288x349+857+348
wm geometry .sigmgr._PF:1 288x349+859+343
pf:read PF:1 v(a)
# WF:1:1
Graph addsignal WF:1:1 -region new -yview real(y) -xview real(x) -tracehi 2
# Signal0
pf:read PF:1 v(b)
# WF:1:2
Graph addsignal WF:1:2 -region new -yview real(y) -xview real(x) -tracehi 2
# Signal1
pf:read PF:1 v(out)
# WF:1:3
Graph addsignal WF:1:3 -region new -yview real(y) -xview real(x) -tracehi 2
# Signal2
wm geometry .sigmgr._PF:1 288x349+860+344
wm geometry .sigmgr._PF:1 288x349+861+344
wm geometry .sigmgr._PF:1 288x349+863+345
wm geometry .sigmgr._PF:1 288x349+864+346
wm geometry .sigmgr._PF:1 288x349+868+348
wm geometry .sigmgr._PF:1 288x349+921+369
wm geometry .sigmgr._PF:1 288x349+935+374
wm geometry .sigmgr._PF:1 288x349+991+392
wm geometry .sigmgr._PF:1 288x349+1038+408
wm geometry .sigmgr._PF:1 288x349+1052+414
wm geometry .sigmgr._PF:1 288x349+1107+424
wm geometry .sigmgr._PF:1 288x349+1195+424
wm geometry .sigmgr._PF:1 288x349+1341+424
wm geometry .sigmgr._PF:1 288x349+1416+424
wm geometry .sigmgr._PF:1 288x349+1622+424
wm geometry .sigmgr._PF:1 288x349+1955+424
wm geometry .sigmgr._PF:1 288x349+2191+407
wm geometry .sigmgr._PF:1 288x349+2262+399
wm geometry .sigmgr._PF:1 288x349+2541+334
wm geometry .sigmgr._PF:1 288x349+2611+304
wm geometry .sigmgr._PF:1 288x349+2694+281
wm geometry .sigmgr._PF:1 288x349+2698+281
wm geometry .sigmgr._PF:1 288x349+2708+278
wm geometry .sigmgr._PF:1 288x349+2709+277
wm geometry .sigmgr._PF:1 288x349+2708+278
wm geometry .sigmgr._PF:1 288x349+2706+278
wm geometry .sigmgr._PF:1 288x349+2701+280
wm geometry .sigmgr._PF:1 288x349+2687+283
wm geometry .sigmgr._PF:1 288x349+2666+288
wm geometry .sigmgr._PF:1 288x349+2663+289
wm geometry .sigmgr._PF:1 288x349+2654+293
GrMeas:Falltime Graph0 Signal2 {0.1 0.5 0.9} 0.85 0.0 xyrangeAll
# M:0
Graph:DSel
GrMeas:Select Graph0 M:0 6
GrMeas:MoveArrow Graph0 M:0 6 38.0
GrMeas:HideResult Graph0 M:0 6
GrMeas:ShowResult Graph0 M:0 13
GrMeas:Select Graph0 M:0 13 1
GrMeas:Falltime Graph0 Signal2 {0.1 0.5 0.9} 0.85 0.0 xyrangeAll - - Meas0Hist activeGraph
# Signal3
Mdi:ArrangeIcons
ScopeSigMgr:loadpffile /home/inf01185/luiz.enger/Voluntario.WA/xor_lstp/xor_lstp.tr1 1 replace
# PF:5
wm geometry .sigmgr 472x220+614+161
wm geometry .sigmgr 472x220+615+162
wm geometry .sigmgr 472x220+615+164
wm geometry .sigmgr 472x220+615+167
wm geometry .sigmgr 472x220+615+176
wm geometry .sigmgr 472x220+615+186
wm geometry .sigmgr 472x220+615+189
wm geometry .sigmgr 472x220+615+201
wm geometry .sigmgr 472x220+615+211
wm geometry .sigmgr 472x220+615+214
wm geometry .sigmgr 472x220+615+217
wm geometry .sigmgr 472x220+615+226
wm geometry .sigmgr 472x220+615+231
wm geometry .sigmgr 472x220+615+233
wm geometry .sigmgr 472x220+615+236
wm geometry .sigmgr 472x220+615+243
wm geometry .sigmgr 472x220+615+253
wm geometry .sigmgr 472x220+615+256
wm geometry .sigmgr 472x220+615+269
wm geometry .sigmgr 472x220+616+277
wm geometry .sigmgr 472x220+617+281
wm geometry .sigmgr 472x220+620+304
wm geometry .sigmgr 472x220+620+307
wm geometry .sigmgr 472x220+621+319
wm geometry .sigmgr 472x220+621+332
wm geometry .sigmgr 472x220+621+336
wm geometry .sigmgr 472x220+621+349
wm geometry .sigmgr 472x220+621+353
wm geometry .sigmgr 472x220+621+364
wm geometry .sigmgr 472x220+621+367
wm geometry .sigmgr 472x220+621+381
wm geometry .sigmgr 472x220+621+393
wm geometry .sigmgr 472x220+621+397
wm geometry .sigmgr 472x220+621+403
wm geometry .sigmgr 472x220+621+404
wm geometry .sigmgr 472x220+621+405
wm geometry .sigmgr 472x220+621+404
wm geometry .sigmgr 472x220+621+403
wm geometry .sigmgr 472x220+621+402
wm geometry .sigmgr 472x220+621+401
wm geometry .sigmgr 472x220+621+392
wm geometry .sigmgr 472x220+621+390
wm geometry .sigmgr 472x220+621+383
wm geometry .sigmgr 472x220+631+393
wm geometry .sigmgr 472x220+0+0
wm geometry .sigmgr 472x220+631+393
wm geometry .sigmgr 472x220+631+365
Graph:DSel
GrMeas:Select Graph0 M:1 13
GrMeas:MoveArrow Graph0 M:1 13 -2.0
GrMeas:HideResult Graph0 M:1 13
GrMeas:ShowResult Graph0 M:1 14
GrMeas:Select Graph0 M:1 14 1
GrMeas:HideResult Graph0 M:1 14
GrMeas:ShowResult Graph0 M:1 16
GrMeas:Select Graph0 M:1 16 1
