Mdi:ArrangeIcons
Mdi:ArrangeIcons
Mdi:ArrangeIcons
wm geometry . 900x813+65+85
Mdi:ArrangeIcons
wm geometry . 900x813+65+24
Mdi:ArrangeIcons
wm geometry . 1615x995+65+24
Mdi:ArrangeIcons
Mdi:FullSize
ScopeSigMgr:loadpffile /home/inf01185/luiz.enger/Voluntario.WA/mux21_lstp/mux21_lstp.tr0 1 openonly
# PF:1
wm geometry .sigmgr 472x220+0+0
wm geometry .sigmgr 472x220+1198+105
wm geometry .sigmgr 472x220+1198+77
wm geometry .sigmgr._PF:1 288x349+1669+515
wm geometry .sigmgr._PF:1 288x349+1661+517
wm geometry .sigmgr._PF:1 288x349+1637+520
wm geometry .sigmgr._PF:1 288x349+1507+523
wm geometry .sigmgr._PF:1 288x349+1411+523
wm geometry .sigmgr._PF:1 288x349+1212+523
wm geometry .sigmgr._PF:1 288x349+1141+517
wm geometry .sigmgr._PF:1 288x349+1125+515
wm geometry .sigmgr._PF:1 288x349+1112+514
wm geometry .sigmgr._PF:1 288x349+1099+512
wm geometry .sigmgr._PF:1 288x349+1073+510
wm geometry .sigmgr._PF:1 288x349+1068+510
wm geometry .sigmgr._PF:1 288x349+1059+510
wm geometry .sigmgr._PF:1 288x349+1054+510
wm geometry .sigmgr._PF:1 288x349+1048+509
wm geometry .sigmgr._PF:1 288x349+1048+508
wm geometry .sigmgr._PF:1 288x349+1048+507
wm geometry .sigmgr._PF:1 288x349+1048+506
wm geometry .sigmgr._PF:1 288x349+1048+504
wm geometry .sigmgr._PF:1 288x349+1048+503
pf:read PF:1 v(2)
# WF:1:1
Graph addsignal WF:1:1 -region new -yview real(y) -xview real(x) -tracehi 2
# Signal0
pf:read PF:1 v(sel)
# WF:1:2
Graph addsignal WF:1:2 -region new -yview real(y) -xview real(x) -tracehi 2
# Signal1
pf:read PF:1 v(out)
# WF:1:3
Graph addsignal WF:1:3 -region new -yview real(y) -xview real(x) -tracehi 2
# Signal2
GrMeas:Falltime Graph0 Signal2 {0.1 0.5 0.9} 0.85 0 xyrangeAll
# M:0
Graph:DSel
GrMeas:Select Graph0 M:0 6
GrMeas:HideResult Graph0 M:0 6
GrMeas:ShowResult Graph0 M:0 13
GrMeas:Select Graph0 M:0 13 1
GrMeas:HideResult Graph0 M:0 13
GrMeas:ShowResult Graph0 M:0 4
GrMeas:ShowResult Graph0 M:0 5
GrMeas:Risetime Graph0 Signal2 {0.1 0.5 0.9} 0.85 0 xyrangeAll
# M:1
GrMeas:HideResult Graph0 M:1 6
GrMeas:ShowResult Graph0 M:1 4
GrMeas:ShowResult Graph0 M:1 5
ScopeSigMgr:Unload 0 {{(1) mux21_lstp.tr0}}
Graph0 delsignal Signal0
Graph0 delsignal Signal1
Graph0 delsignal Signal2
